c:\users\agando\source\repos\fiereu\assaultcube-internal\release\assaultcube_cheat.ipdb
c:\users\agando\source\repos\fiereu\assaultcube-internal\release\assaultcube_cheat.iobj
c:\users\agando\source\repos\fiereu\assaultcube-internal\assaultcube_cheat\release\vc142.pdb
c:\users\agando\source\repos\fiereu\assaultcube-internal\assaultcube_cheat\release\patch.obj
c:\users\agando\source\repos\fiereu\assaultcube-internal\assaultcube_cheat\release\imgui_widgets.obj
c:\users\agando\source\repos\fiereu\assaultcube-internal\assaultcube_cheat\release\imgui_impl_win32.obj
c:\users\agando\source\repos\fiereu\assaultcube-internal\assaultcube_cheat\release\imgui_impl_opengl2.obj
c:\users\agando\source\repos\fiereu\assaultcube-internal\assaultcube_cheat\release\imgui_draw.obj
c:\users\agando\source\repos\fiereu\assaultcube-internal\assaultcube_cheat\release\imgui_demo.obj
c:\users\agando\source\repos\fiereu\assaultcube-internal\assaultcube_cheat\release\imgui.obj
c:\users\agando\source\repos\fiereu\assaultcube-internal\assaultcube_cheat\release\functions.obj
c:\users\agando\source\repos\fiereu\assaultcube-internal\assaultcube_cheat\release\dllmain.obj
c:\users\agando\source\repos\fiereu\assaultcube-internal\assaultcube_cheat\release\console.obj
c:\users\agando\source\repos\fiereu\assaultcube-internal\release\assaultcube_cheat.dll
c:\users\agando\source\repos\fiereu\assaultcube-internal\release\assaultcube_cheat.pdb
c:\users\agando\source\repos\fiereu\assaultcube-internal\assaultcube_cheat\release\assaultc.152087f7.tlog\assaultcube_cheat.write.1u.tlog
c:\users\agando\source\repos\fiereu\assaultcube-internal\assaultcube_cheat\release\assaultc.152087f7.tlog\cl.command.1.tlog
c:\users\agando\source\repos\fiereu\assaultcube-internal\assaultcube_cheat\release\assaultc.152087f7.tlog\cl.read.1.tlog
c:\users\agando\source\repos\fiereu\assaultcube-internal\assaultcube_cheat\release\assaultc.152087f7.tlog\cl.write.1.tlog
c:\users\agando\source\repos\fiereu\assaultcube-internal\assaultcube_cheat\release\assaultc.152087f7.tlog\link.command.1.tlog
c:\users\agando\source\repos\fiereu\assaultcube-internal\assaultcube_cheat\release\assaultc.152087f7.tlog\link.read.1.tlog
c:\users\agando\source\repos\fiereu\assaultcube-internal\assaultcube_cheat\release\assaultc.152087f7.tlog\link.write.1.tlog
