  Console.cpp
  dllmain.cpp
C:\Users\Agando\Source\Repos\Fiereu\AssaultCube-Internal\AssaultCube_Cheat\ESP.hpp(21,40): warning C4244: "=": Konvertierung von "float" in "int", möglicher Datenverlust
C:\Users\Agando\Source\Repos\Fiereu\AssaultCube-Internal\AssaultCube_Cheat\ESP.hpp(22,42): warning C4244: "=": Konvertierung von "float" in "int", möglicher Datenverlust
C:\Users\Agando\Source\Repos\Fiereu\AssaultCube-Internal\AssaultCube_Cheat\ESP.hpp(47,21): warning C4838: Konvertierung von "float" zu "int" erfordert eine einschränkende Konvertierung
C:\Users\Agando\Source\Repos\Fiereu\AssaultCube-Internal\AssaultCube_Cheat\ESP.hpp(47,21): warning C4244: "Initialisierung": Konvertierung von "float" in "int", möglicher Datenverlust
C:\Users\Agando\Source\Repos\Fiereu\AssaultCube-Internal\AssaultCube_Cheat\GLHook.hpp(41,21): warning C4018: "<": Konflikt zwischen "signed" und "unsigned"
C:\Users\Agando\Source\Repos\Fiereu\AssaultCube-Internal\AssaultCube_Cheat\GLHook.hpp(50,18): warning C4244: "Initialisierung": Konvertierung von "int" in "float", möglicher Datenverlust
C:\Users\Agando\Source\Repos\Fiereu\AssaultCube-Internal\AssaultCube_Cheat\GLHook.hpp(54,14): warning C4244: "Initialisierung": Konvertierung von "int" in "float", möglicher Datenverlust
C:\Users\Agando\Source\Repos\Fiereu\AssaultCube-Internal\AssaultCube_Cheat\GLHook.hpp(83,33): warning C4244: "Argument": Konvertierung von "int" in "float", möglicher Datenverlust
C:\Users\Agando\Source\Repos\Fiereu\AssaultCube-Internal\AssaultCube_Cheat\GLHook.hpp(83,20): warning C4244: "Argument": Konvertierung von "int" in "float", möglicher Datenverlust
C:\Users\Agando\Source\Repos\Fiereu\AssaultCube-Internal\AssaultCube_Cheat\Aimbot.hpp(15,11): warning C4244: "=": Konvertierung von "int" in "float", möglicher Datenverlust
C:\Users\Agando\Source\Repos\Fiereu\AssaultCube-Internal\AssaultCube_Cheat\Aimbot.hpp(16,13): warning C4244: "=": Konvertierung von "int" in "float", möglicher Datenverlust
C:\Users\Agando\Source\Repos\Fiereu\AssaultCube-Internal\AssaultCube_Cheat\Aimbot.hpp(68,14): warning C4244: "=": Konvertierung von "float" in "int", möglicher Datenverlust
C:\Users\Agando\Source\Repos\Fiereu\AssaultCube-Internal\AssaultCube_Cheat\Aimbot.hpp(172,19): warning C4244: "=": Konvertierung von "float" in "int", möglicher Datenverlust
C:\Users\Agando\Source\Repos\Fiereu\AssaultCube-Internal\AssaultCube_Cheat\Aimbot.hpp(173,11): warning C4244: "=": Konvertierung von "float" in "int", möglicher Datenverlust
C:\Users\Agando\Source\Repos\Fiereu\AssaultCube-Internal\AssaultCube_Cheat\InputHandler.hpp(15,47): warning C4302: "Typumwandlung": Verkürzung von "const char *" in "char"
C:\Users\Agando\Source\Repos\Fiereu\AssaultCube-Internal\AssaultCube_Cheat\InputHandler.hpp(21,54): warning C4302: "Typumwandlung": Verkürzung von "const char *" in "char"
C:\Users\Agando\Source\Repos\Fiereu\AssaultCube-Internal\AssaultCube_Cheat\InputHandler.hpp(34,49): warning C4302: "Typumwandlung": Verkürzung von "const char *" in "char"
C:\Users\Agando\Source\Repos\Fiereu\AssaultCube-Internal\AssaultCube_Cheat\dllmain.cpp(34,65): warning C4302: "Typumwandlung": Verkürzung von "const char *" in "char"
C:\Users\Agando\Source\Repos\Fiereu\AssaultCube-Internal\AssaultCube_Cheat\dllmain.cpp(35,48): warning C4302: "Typumwandlung": Verkürzung von "const char *" in "char"
  Functions.h
  imgui.cpp
  imgui_demo.cpp
  imgui_draw.cpp
  imgui_impl_opengl2.cpp
  imgui_impl_win32.cpp
  imgui_widgets.cpp
  Patch.cpp
  Code wird generiert.
  Previous IPDB not found, fall back to full compilation.
  All 344 functions were compiled because no usable IPDB/IOBJ from previous compilation was found.
  Codegenerierung ist abgeschlossen.
  AssaultCube_Cheat.vcxproj -> C:\Users\Agando\Source\Repos\Fiereu\AssaultCube-Internal\Release\AssaultCube_Cheat.dll
